[0.012s] Invoking command in '/home/nour-mahgoub/testingGrad/build/view_robot_pkg': /usr/bin/cmake /home/nour-mahgoub/testingGrad -DCMAKE_INSTALL_PREFIX=/home/nour-mahgoub/testingGrad/install/view_robot_pkg
[0.085s] -- The C compiler identification is GNU 11.4.0
[0.177s] -- The CXX compiler identification is GNU 11.4.0
[0.187s] -- Detecting C compiler ABI info
[0.242s] -- Detecting C compiler ABI info - done
[0.258s] -- Check for working C compiler: /usr/bin/cc - skipped
[0.258s] -- Detecting C compile features
[0.259s] -- Detecting C compile features - done
[0.270s] -- Detecting CXX compiler ABI info
[0.368s] -- Detecting CXX compiler ABI info - done
[0.455s] -- Check for working CXX compiler: /usr/bin/c++ - skipped
[0.456s] -- Detecting CXX compile features
[0.457s] -- Detecting CXX compile features - done
[0.486s] -- Found ament_cmake: 1.3.14 (/opt/ros/humble/share/ament_cmake/cmake)
[0.625s] -- Found Python3: /usr/bin/python3 (found version "3.10.12") found components: Interpreter
[0.796s] [0mCMake Error: File /home/nour-mahgoub/testingGrad/package.xml does not exist.[0m
[0.796s] [31mCMake Error at /opt/ros/humble/share/ament_cmake_core/cmake/core/stamp.cmake:24 (configure_file):
[0.796s]   configure_file Problem configuring file
[0.796s] Call Stack (most recent call first):
[0.796s]   /opt/ros/humble/share/ament_cmake_core/cmake/core/ament_package_xml.cmake:73 (stamp)
[0.797s]   /opt/ros/humble/share/ament_cmake_core/cmake/core/ament_package_xml.cmake:49 (_ament_package_xml)
[0.797s]   /opt/ros/humble/share/ament_cmake_core/cmake/core/ament_package.cmake:63 (ament_package_xml)
[0.797s]   CMakeLists.txt:19 (ament_package)
[0.797s] 
[0.797s] [0m
[0.799s] -- Configuring incomplete, errors occurred!
[0.804s] Invoked command in '/home/nour-mahgoub/testingGrad/build/view_robot_pkg' returned '1': /usr/bin/cmake /home/nour-mahgoub/testingGrad -DCMAKE_INSTALL_PREFIX=/home/nour-mahgoub/testingGrad/install/view_robot_pkg
