running egg_info
creating ../../build/view_robot_pkg/view_robot_pkg.egg-info
writing ../../build/view_robot_pkg/view_robot_pkg.egg-info/PKG-INFO
writing dependency_links to ../../build/view_robot_pkg/view_robot_pkg.egg-info/dependency_links.txt
writing entry points to ../../build/view_robot_pkg/view_robot_pkg.egg-info/entry_points.txt
writing requirements to ../../build/view_robot_pkg/view_robot_pkg.egg-info/requires.txt
writing top-level names to ../../build/view_robot_pkg/view_robot_pkg.egg-info/top_level.txt
writing manifest file '../../build/view_robot_pkg/view_robot_pkg.egg-info/SOURCES.txt'
reading manifest file '../../build/view_robot_pkg/view_robot_pkg.egg-info/SOURCES.txt'
writing manifest file '../../build/view_robot_pkg/view_robot_pkg.egg-info/SOURCES.txt'
running build
running build_py
creating /home/nour-mahgoub/testingGrad/build/view_robot_pkg/build
creating /home/nour-mahgoub/testingGrad/build/view_robot_pkg/build/lib
creating /home/nour-mahgoub/testingGrad/build/view_robot_pkg/build/lib/view_robot_pkg
copying view_robot_pkg/__init__.py -> /home/nour-mahgoub/testingGrad/build/view_robot_pkg/build/lib/view_robot_pkg
running install
running install_lib
creating /home/nour-mahgoub/testingGrad/install/view_robot_pkg/lib/python3.10/site-packages/view_robot_pkg
copying /home/nour-mahgoub/testingGrad/build/view_robot_pkg/build/lib/view_robot_pkg/__init__.py -> /home/nour-mahgoub/testingGrad/install/view_robot_pkg/lib/python3.10/site-packages/view_robot_pkg
byte-compiling /home/nour-mahgoub/testingGrad/install/view_robot_pkg/lib/python3.10/site-packages/view_robot_pkg/__init__.py to __init__.cpython-310.pyc
running install_data
creating /home/nour-mahgoub/testingGrad/install/view_robot_pkg/share/ament_index
creating /home/nour-mahgoub/testingGrad/install/view_robot_pkg/share/ament_index/resource_index
creating /home/nour-mahgoub/testingGrad/install/view_robot_pkg/share/ament_index/resource_index/packages
copying resource/view_robot_pkg -> /home/nour-mahgoub/testingGrad/install/view_robot_pkg/share/ament_index/resource_index/packages
copying package.xml -> /home/nour-mahgoub/testingGrad/install/view_robot_pkg/share/view_robot_pkg
creating /home/nour-mahgoub/testingGrad/install/view_robot_pkg/share/view_robot_pkg/launch
copying launch/view_robot.launch -> /home/nour-mahgoub/testingGrad/install/view_robot_pkg/share/view_robot_pkg/launch
creating /home/nour-mahgoub/testingGrad/install/view_robot_pkg/share/view_robot_pkg/urdf
copying urdf/robot_description.urdf -> /home/nour-mahgoub/testingGrad/install/view_robot_pkg/share/view_robot_pkg/urdf
creating /home/nour-mahgoub/testingGrad/install/view_robot_pkg/share/view_robot_pkg/rviz
copying rviz/default_view.rviz -> /home/nour-mahgoub/testingGrad/install/view_robot_pkg/share/view_robot_pkg/rviz
creating /home/nour-mahgoub/testingGrad/install/view_robot_pkg/share/view_robot_pkg/meshes
copying meshes/LeftMotor.STL -> /home/nour-mahgoub/testingGrad/install/view_robot_pkg/share/view_robot_pkg/meshes
copying meshes/base_link.STL -> /home/nour-mahgoub/testingGrad/install/view_robot_pkg/share/view_robot_pkg/meshes
copying meshes/Lidar_Link.STL -> /home/nour-mahgoub/testingGrad/install/view_robot_pkg/share/view_robot_pkg/meshes
copying meshes/LeftWingWheel.STL -> /home/nour-mahgoub/testingGrad/install/view_robot_pkg/share/view_robot_pkg/meshes
copying meshes/Camera_Link.STL -> /home/nour-mahgoub/testingGrad/install/view_robot_pkg/share/view_robot_pkg/meshes
copying meshes/RightMotor.STL -> /home/nour-mahgoub/testingGrad/install/view_robot_pkg/share/view_robot_pkg/meshes
copying meshes/BackRightWheel.STL -> /home/nour-mahgoub/testingGrad/install/view_robot_pkg/share/view_robot_pkg/meshes
copying meshes/RightWingWheel.STL -> /home/nour-mahgoub/testingGrad/install/view_robot_pkg/share/view_robot_pkg/meshes
copying meshes/BackLeftWheel.STL -> /home/nour-mahgoub/testingGrad/install/view_robot_pkg/share/view_robot_pkg/meshes
running install_egg_info
Copying ../../build/view_robot_pkg/view_robot_pkg.egg-info to /home/nour-mahgoub/testingGrad/install/view_robot_pkg/lib/python3.10/site-packages/view_robot_pkg-0.0.0-py3.10.egg-info
running install_scripts
writing list of installed files to '/home/nour-mahgoub/testingGrad/build/view_robot_pkg/install.log'
