[0.671s] Invoking command in '/home/nour-mahgoub/testingGrad/src/view_robot_pkg': PYTHONPATH=/home/nour-mahgoub/testingGrad/build/view_robot_pkg/prefix_override:/usr/lib/python3/dist-packages/colcon_core/task/python/colcon_distutils_commands:/home/nour-mahgoub/testingGrad/install/view_robot_pkg/lib/python3.10/site-packages:${PYTHONPATH} /usr/bin/python3 -W ignore:setup.py install is deprecated -W ignore:easy_install command is deprecated setup.py egg_info --egg-base ../../build/view_robot_pkg build --build-base /home/nour-mahgoub/testingGrad/build/view_robot_pkg/build install --record /home/nour-mahgoub/testingGrad/build/view_robot_pkg/install.log --single-version-externally-managed install_data
[0.899s] running egg_info
[0.899s] creating ../../build/view_robot_pkg/view_robot_pkg.egg-info
[0.899s] writing ../../build/view_robot_pkg/view_robot_pkg.egg-info/PKG-INFO
[0.900s] writing dependency_links to ../../build/view_robot_pkg/view_robot_pkg.egg-info/dependency_links.txt
[0.900s] writing entry points to ../../build/view_robot_pkg/view_robot_pkg.egg-info/entry_points.txt
[0.900s] writing requirements to ../../build/view_robot_pkg/view_robot_pkg.egg-info/requires.txt
[0.900s] writing top-level names to ../../build/view_robot_pkg/view_robot_pkg.egg-info/top_level.txt
[0.900s] writing manifest file '../../build/view_robot_pkg/view_robot_pkg.egg-info/SOURCES.txt'
[0.901s] reading manifest file '../../build/view_robot_pkg/view_robot_pkg.egg-info/SOURCES.txt'
[0.902s] writing manifest file '../../build/view_robot_pkg/view_robot_pkg.egg-info/SOURCES.txt'
[0.902s] running build
[0.902s] running build_py
[0.902s] creating /home/nour-mahgoub/testingGrad/build/view_robot_pkg/build
[0.902s] creating /home/nour-mahgoub/testingGrad/build/view_robot_pkg/build/lib
[0.902s] creating /home/nour-mahgoub/testingGrad/build/view_robot_pkg/build/lib/view_robot_pkg
[0.902s] copying view_robot_pkg/__init__.py -> /home/nour-mahgoub/testingGrad/build/view_robot_pkg/build/lib/view_robot_pkg
[0.903s] running install
[0.903s] running install_lib
[0.903s] creating /home/nour-mahgoub/testingGrad/install/view_robot_pkg/lib/python3.10/site-packages/view_robot_pkg
[0.903s] copying /home/nour-mahgoub/testingGrad/build/view_robot_pkg/build/lib/view_robot_pkg/__init__.py -> /home/nour-mahgoub/testingGrad/install/view_robot_pkg/lib/python3.10/site-packages/view_robot_pkg
[0.904s] byte-compiling /home/nour-mahgoub/testingGrad/install/view_robot_pkg/lib/python3.10/site-packages/view_robot_pkg/__init__.py to __init__.cpython-310.pyc
[0.904s] running install_data
[0.904s] creating /home/nour-mahgoub/testingGrad/install/view_robot_pkg/share/ament_index
[0.904s] creating /home/nour-mahgoub/testingGrad/install/view_robot_pkg/share/ament_index/resource_index
[0.904s] creating /home/nour-mahgoub/testingGrad/install/view_robot_pkg/share/ament_index/resource_index/packages
[0.904s] copying resource/view_robot_pkg -> /home/nour-mahgoub/testingGrad/install/view_robot_pkg/share/ament_index/resource_index/packages
[0.904s] copying package.xml -> /home/nour-mahgoub/testingGrad/install/view_robot_pkg/share/view_robot_pkg
[0.904s] creating /home/nour-mahgoub/testingGrad/install/view_robot_pkg/share/view_robot_pkg/launch
[0.904s] copying launch/view_robot.launch -> /home/nour-mahgoub/testingGrad/install/view_robot_pkg/share/view_robot_pkg/launch
[0.904s] creating /home/nour-mahgoub/testingGrad/install/view_robot_pkg/share/view_robot_pkg/urdf
[0.904s] copying urdf/robot_description.urdf -> /home/nour-mahgoub/testingGrad/install/view_robot_pkg/share/view_robot_pkg/urdf
[0.905s] creating /home/nour-mahgoub/testingGrad/install/view_robot_pkg/share/view_robot_pkg/rviz
[0.905s] copying rviz/default_view.rviz -> /home/nour-mahgoub/testingGrad/install/view_robot_pkg/share/view_robot_pkg/rviz
[0.905s] creating /home/nour-mahgoub/testingGrad/install/view_robot_pkg/share/view_robot_pkg/meshes
[0.905s] copying meshes/LeftMotor.STL -> /home/nour-mahgoub/testingGrad/install/view_robot_pkg/share/view_robot_pkg/meshes
[0.905s] copying meshes/base_link.STL -> /home/nour-mahgoub/testingGrad/install/view_robot_pkg/share/view_robot_pkg/meshes
[0.906s] copying meshes/Lidar_Link.STL -> /home/nour-mahgoub/testingGrad/install/view_robot_pkg/share/view_robot_pkg/meshes
[0.907s] copying meshes/LeftWingWheel.STL -> /home/nour-mahgoub/testingGrad/install/view_robot_pkg/share/view_robot_pkg/meshes
[0.907s] copying meshes/Camera_Link.STL -> /home/nour-mahgoub/testingGrad/install/view_robot_pkg/share/view_robot_pkg/meshes
[0.909s] copying meshes/RightMotor.STL -> /home/nour-mahgoub/testingGrad/install/view_robot_pkg/share/view_robot_pkg/meshes
[0.909s] copying meshes/BackRightWheel.STL -> /home/nour-mahgoub/testingGrad/install/view_robot_pkg/share/view_robot_pkg/meshes
[0.909s] copying meshes/RightWingWheel.STL -> /home/nour-mahgoub/testingGrad/install/view_robot_pkg/share/view_robot_pkg/meshes
[0.910s] copying meshes/BackLeftWheel.STL -> /home/nour-mahgoub/testingGrad/install/view_robot_pkg/share/view_robot_pkg/meshes
[0.910s] running install_egg_info
[0.912s] Copying ../../build/view_robot_pkg/view_robot_pkg.egg-info to /home/nour-mahgoub/testingGrad/install/view_robot_pkg/lib/python3.10/site-packages/view_robot_pkg-0.0.0-py3.10.egg-info
[0.912s] running install_scripts
[0.931s] writing list of installed files to '/home/nour-mahgoub/testingGrad/build/view_robot_pkg/install.log'
[0.950s] Invoked command in '/home/nour-mahgoub/testingGrad/src/view_robot_pkg' returned '0': PYTHONPATH=/home/nour-mahgoub/testingGrad/build/view_robot_pkg/prefix_override:/usr/lib/python3/dist-packages/colcon_core/task/python/colcon_distutils_commands:/home/nour-mahgoub/testingGrad/install/view_robot_pkg/lib/python3.10/site-packages:${PYTHONPATH} /usr/bin/python3 -W ignore:setup.py install is deprecated -W ignore:easy_install command is deprecated setup.py egg_info --egg-base ../../build/view_robot_pkg build --build-base /home/nour-mahgoub/testingGrad/build/view_robot_pkg/build install --record /home/nour-mahgoub/testingGrad/build/view_robot_pkg/install.log --single-version-externally-managed install_data
