[0.824s] Invoking command in '/home/nour-mahgoub/Graduation_Rafeeq/src/rafeeq_description': DEBUGINFOD_URLS=https://debuginfod.ubuntu.com PYTHONPATH=/home/nour-mahgoub/Graduation_Rafeeq/build/rafeeq_description/prefix_override:/usr/lib/python3/dist-packages/colcon_core/task/python/colcon_distutils_commands:/home/nour-mahgoub/Graduation_Rafeeq/install/rafeeq_description/lib/python3.12/site-packages:${PYTHONPATH} /usr/bin/python3 -W ignore:setup.py install is deprecated -W ignore:easy_install command is deprecated setup.py egg_info --egg-base ../../build/rafeeq_description build --build-base /home/nour-mahgoub/Graduation_Rafeeq/build/rafeeq_description/build install --record /home/nour-mahgoub/Graduation_Rafeeq/build/rafeeq_description/install.log --single-version-externally-managed install_data
[1.103s] running egg_info
[1.124s] writing ../../build/rafeeq_description/rafeeq_description.egg-info/PKG-INFO
[1.125s] writing dependency_links to ../../build/rafeeq_description/rafeeq_description.egg-info/dependency_links.txt
[1.125s] writing entry points to ../../build/rafeeq_description/rafeeq_description.egg-info/entry_points.txt
[1.125s] writing requirements to ../../build/rafeeq_description/rafeeq_description.egg-info/requires.txt
[1.125s] writing top-level names to ../../build/rafeeq_description/rafeeq_description.egg-info/top_level.txt
[1.168s] reading manifest file '../../build/rafeeq_description/rafeeq_description.egg-info/SOURCES.txt'
[1.169s] writing manifest file '../../build/rafeeq_description/rafeeq_description.egg-info/SOURCES.txt'
[1.169s] running build
[1.169s] running build_py
[1.169s] running install
[1.174s] running install_lib
[1.196s] running install_data
[1.196s] running install_egg_info
[1.219s] removing '/home/nour-mahgoub/Graduation_Rafeeq/install/rafeeq_description/lib/python3.12/site-packages/rafeeq_description-0.0.0-py3.12.egg-info' (and everything under it)
[1.219s] Copying ../../build/rafeeq_description/rafeeq_description.egg-info to /home/nour-mahgoub/Graduation_Rafeeq/install/rafeeq_description/lib/python3.12/site-packages/rafeeq_description-0.0.0-py3.12.egg-info
[1.220s] running install_scripts
[1.359s] Installing scan_relay script to /home/nour-mahgoub/Graduation_Rafeeq/install/rafeeq_description/lib/rafeeq_description
[1.359s] Installing teleop_keyboard script to /home/nour-mahgoub/Graduation_Rafeeq/install/rafeeq_description/lib/rafeeq_description
[1.360s] writing list of installed files to '/home/nour-mahgoub/Graduation_Rafeeq/build/rafeeq_description/install.log'
[1.386s] Invoked command in '/home/nour-mahgoub/Graduation_Rafeeq/src/rafeeq_description' returned '0': DEBUGINFOD_URLS=https://debuginfod.ubuntu.com PYTHONPATH=/home/nour-mahgoub/Graduation_Rafeeq/build/rafeeq_description/prefix_override:/usr/lib/python3/dist-packages/colcon_core/task/python/colcon_distutils_commands:/home/nour-mahgoub/Graduation_Rafeeq/install/rafeeq_description/lib/python3.12/site-packages:${PYTHONPATH} /usr/bin/python3 -W ignore:setup.py install is deprecated -W ignore:easy_install command is deprecated setup.py egg_info --egg-base ../../build/rafeeq_description build --build-base /home/nour-mahgoub/Graduation_Rafeeq/build/rafeeq_description/build install --record /home/nour-mahgoub/Graduation_Rafeeq/build/rafeeq_description/install.log --single-version-externally-managed install_data
