[0.233s] Invoking command in '/home/nour-mahgoub/Graduation_Rafeeq/build/rafeeq_speech': CMAKE_PREFIX_PATH=${CMAKE_PREFIX_PATH}:/home/nour-mahgoub/Graduation_Rafeeq/install/serial_node:/home/nour-mahgoub/Graduation_Rafeeq/install/view_robot_pkg:/home/nour-mahgoub/Graduation_Rafeeq/install/rafeeq_description:/opt/ros/jazzy DEBUGINFOD_URLS=https://debuginfod.ubuntu.com /usr/bin/cmake /home/nour-mahgoub/Graduation_Rafeeq/src/rafeeq_speech -DCMAKE_INSTALL_PREFIX=/home/nour-mahgoub/Graduation_Rafeeq/install/rafeeq_speech
[0.238s] [0mCMake Deprecation Warning at CMakeLists.txt:1 (cmake_minimum_required):
[0.238s]   Compatibility with CMake < 3.10 will be removed from a future version of
[0.239s]   CMake.
[0.239s] 
[0.239s]   Update the VERSION argument <min> value.  Or, use the <min>...<max> syntax
[0.239s]   to tell CMake that the project requires at least <min> but has been updated
[0.239s]   to work with policies introduced by <max> or earlier.
[0.239s] 
[0.239s] [0m
[0.281s] -- The C compiler identification is GNU 13.3.0
[0.341s] -- The CXX compiler identification is GNU 13.3.0
[0.348s] -- Detecting C compiler ABI info
[0.402s] -- Detecting C compiler ABI info - done
[0.420s] -- Check for working C compiler: /usr/bin/cc - skipped
[0.420s] -- Detecting C compile features
[0.420s] -- Detecting C compile features - done
[0.432s] -- Detecting CXX compiler ABI info
[0.495s] -- Detecting CXX compiler ABI info - done
[0.511s] -- Check for working CXX compiler: /usr/bin/c++ - skipped
[0.511s] -- Detecting CXX compile features
[0.512s] -- Detecting CXX compile features - done
[0.521s] -- Found ament_cmake: 2.5.6 (/opt/ros/jazzy/share/ament_cmake/cmake)
[0.777s] -- Found Python3: /usr/bin/python3 (found version "3.12.3") found components: Interpreter
[0.890s] -- Found ament_lint_auto: 0.17.5 (/opt/ros/jazzy/share/ament_lint_auto/cmake)
[1.010s] -- Added test 'copyright' to check source files copyright and LICENSE
[1.011s] -- Added test 'flake8' to check Python code syntax and style conventions
[1.011s] -- Configured 'flake8' exclude dirs and/or files: 
[1.011s] -- Added test 'lint_cmake' to check CMake code style
[1.012s] -- Added test 'pep257' to check Python code against some of the docstring style conventions in PEP 257
[1.013s] -- Added test 'xmllint' to check XML markup files
[1.014s] -- Configuring done (0.8s)
[1.015s] -- Generating done (0.0s)
[1.016s] -- Build files have been written to: /home/nour-mahgoub/Graduation_Rafeeq/build/rafeeq_speech
[1.020s] Invoked command in '/home/nour-mahgoub/Graduation_Rafeeq/build/rafeeq_speech' returned '0': CMAKE_PREFIX_PATH=${CMAKE_PREFIX_PATH}:/home/nour-mahgoub/Graduation_Rafeeq/install/serial_node:/home/nour-mahgoub/Graduation_Rafeeq/install/view_robot_pkg:/home/nour-mahgoub/Graduation_Rafeeq/install/rafeeq_description:/opt/ros/jazzy DEBUGINFOD_URLS=https://debuginfod.ubuntu.com /usr/bin/cmake /home/nour-mahgoub/Graduation_Rafeeq/src/rafeeq_speech -DCMAKE_INSTALL_PREFIX=/home/nour-mahgoub/Graduation_Rafeeq/install/rafeeq_speech
[1.020s] Invoking command in '/home/nour-mahgoub/Graduation_Rafeeq/build/rafeeq_speech': CMAKE_PREFIX_PATH=${CMAKE_PREFIX_PATH}:/home/nour-mahgoub/Graduation_Rafeeq/install/serial_node:/home/nour-mahgoub/Graduation_Rafeeq/install/view_robot_pkg:/home/nour-mahgoub/Graduation_Rafeeq/install/rafeeq_description:/opt/ros/jazzy DEBUGINFOD_URLS=https://debuginfod.ubuntu.com /usr/bin/cmake --build /home/nour-mahgoub/Graduation_Rafeeq/build/rafeeq_speech -- -j20 -l20
[1.036s] Invoked command in '/home/nour-mahgoub/Graduation_Rafeeq/build/rafeeq_speech' returned '0': CMAKE_PREFIX_PATH=${CMAKE_PREFIX_PATH}:/home/nour-mahgoub/Graduation_Rafeeq/install/serial_node:/home/nour-mahgoub/Graduation_Rafeeq/install/view_robot_pkg:/home/nour-mahgoub/Graduation_Rafeeq/install/rafeeq_description:/opt/ros/jazzy DEBUGINFOD_URLS=https://debuginfod.ubuntu.com /usr/bin/cmake --build /home/nour-mahgoub/Graduation_Rafeeq/build/rafeeq_speech -- -j20 -l20
[1.036s] Invoking command in '/home/nour-mahgoub/Graduation_Rafeeq/build/rafeeq_speech': CMAKE_PREFIX_PATH=${CMAKE_PREFIX_PATH}:/home/nour-mahgoub/Graduation_Rafeeq/install/serial_node:/home/nour-mahgoub/Graduation_Rafeeq/install/view_robot_pkg:/home/nour-mahgoub/Graduation_Rafeeq/install/rafeeq_description:/opt/ros/jazzy DEBUGINFOD_URLS=https://debuginfod.ubuntu.com /usr/bin/cmake --install /home/nour-mahgoub/Graduation_Rafeeq/build/rafeeq_speech
[1.040s] -- Install configuration: ""
[1.040s] -- Installing: /home/nour-mahgoub/Graduation_Rafeeq/install/rafeeq_speech/lib/rafeeq_speech/speech_node.py
[1.040s] -- Installing: /home/nour-mahgoub/Graduation_Rafeeq/install/rafeeq_speech/share/rafeeq_speech/launch
[1.040s] -- Installing: /home/nour-mahgoub/Graduation_Rafeeq/install/rafeeq_speech/share/rafeeq_speech/launch/speech_recognition.launch.py
[1.040s] -- Installing: /home/nour-mahgoub/Graduation_Rafeeq/install/rafeeq_speech/share/rafeeq_speech/models
[1.040s] -- Installing: /home/nour-mahgoub/Graduation_Rafeeq/install/rafeeq_speech/share/rafeeq_speech/models/rafeeq_model.tflite
[1.040s] -- Installing: /home/nour-mahgoub/Graduation_Rafeeq/install/rafeeq_speech/share/rafeeq_speech/models/labels.txt
[1.040s] -- Installing: /home/nour-mahgoub/Graduation_Rafeeq/install/rafeeq_speech/share/ament_index/resource_index/package_run_dependencies/rafeeq_speech
[1.040s] -- Installing: /home/nour-mahgoub/Graduation_Rafeeq/install/rafeeq_speech/share/ament_index/resource_index/parent_prefix_path/rafeeq_speech
[1.041s] -- Installing: /home/nour-mahgoub/Graduation_Rafeeq/install/rafeeq_speech/share/rafeeq_speech/environment/ament_prefix_path.sh
[1.041s] -- Installing: /home/nour-mahgoub/Graduation_Rafeeq/install/rafeeq_speech/share/rafeeq_speech/environment/ament_prefix_path.dsv
[1.041s] -- Installing: /home/nour-mahgoub/Graduation_Rafeeq/install/rafeeq_speech/share/rafeeq_speech/environment/path.sh
[1.041s] -- Installing: /home/nour-mahgoub/Graduation_Rafeeq/install/rafeeq_speech/share/rafeeq_speech/environment/path.dsv
[1.041s] -- Installing: /home/nour-mahgoub/Graduation_Rafeeq/install/rafeeq_speech/share/rafeeq_speech/local_setup.bash
[1.041s] -- Installing: /home/nour-mahgoub/Graduation_Rafeeq/install/rafeeq_speech/share/rafeeq_speech/local_setup.sh
[1.041s] -- Installing: /home/nour-mahgoub/Graduation_Rafeeq/install/rafeeq_speech/share/rafeeq_speech/local_setup.zsh
[1.041s] -- Installing: /home/nour-mahgoub/Graduation_Rafeeq/install/rafeeq_speech/share/rafeeq_speech/local_setup.dsv
[1.041s] -- Installing: /home/nour-mahgoub/Graduation_Rafeeq/install/rafeeq_speech/share/rafeeq_speech/package.dsv
[1.042s] -- Installing: /home/nour-mahgoub/Graduation_Rafeeq/install/rafeeq_speech/share/ament_index/resource_index/packages/rafeeq_speech
[1.042s] -- Installing: /home/nour-mahgoub/Graduation_Rafeeq/install/rafeeq_speech/share/rafeeq_speech/cmake/rafeeq_speechConfig.cmake
[1.042s] -- Installing: /home/nour-mahgoub/Graduation_Rafeeq/install/rafeeq_speech/share/rafeeq_speech/cmake/rafeeq_speechConfig-version.cmake
[1.042s] -- Installing: /home/nour-mahgoub/Graduation_Rafeeq/install/rafeeq_speech/share/rafeeq_speech/package.xml
[1.043s] Invoked command in '/home/nour-mahgoub/Graduation_Rafeeq/build/rafeeq_speech' returned '0': CMAKE_PREFIX_PATH=${CMAKE_PREFIX_PATH}:/home/nour-mahgoub/Graduation_Rafeeq/install/serial_node:/home/nour-mahgoub/Graduation_Rafeeq/install/view_robot_pkg:/home/nour-mahgoub/Graduation_Rafeeq/install/rafeeq_description:/opt/ros/jazzy DEBUGINFOD_URLS=https://debuginfod.ubuntu.com /usr/bin/cmake --install /home/nour-mahgoub/Graduation_Rafeeq/build/rafeeq_speech
