[1.731s] Invoking command in '/home/nour-mahgoub/Graduation_Rafeeq/src/rafeeq_description': DEBUGINFOD_URLS=https://debuginfod.ubuntu.com PYTHONPATH=/home/nour-mahgoub/Graduation_Rafeeq/build/rafeeq_description/prefix_override:/usr/lib/python3/dist-packages/colcon_core/task/python/colcon_distutils_commands:/home/nour-mahgoub/Graduation_Rafeeq/install/rafeeq_description/lib/python3.12/site-packages:${PYTHONPATH} /usr/bin/python3 -W ignore:setup.py install is deprecated -W ignore:easy_install command is deprecated setup.py egg_info --egg-base ../../build/rafeeq_description build --build-base /home/nour-mahgoub/Graduation_Rafeeq/build/rafeeq_description/build install --record /home/nour-mahgoub/Graduation_Rafeeq/build/rafeeq_description/install.log --single-version-externally-managed install_data
[2.331s] running egg_info
[2.366s] writing ../../build/rafeeq_description/rafeeq_description.egg-info/PKG-INFO
[2.366s] writing dependency_links to ../../build/rafeeq_description/rafeeq_description.egg-info/dependency_links.txt
[2.366s] writing entry points to ../../build/rafeeq_description/rafeeq_description.egg-info/entry_points.txt
[2.366s] writing requirements to ../../build/rafeeq_description/rafeeq_description.egg-info/requires.txt
[2.366s] writing top-level names to ../../build/rafeeq_description/rafeeq_description.egg-info/top_level.txt
[2.424s] reading manifest file '../../build/rafeeq_description/rafeeq_description.egg-info/SOURCES.txt'
[2.425s] writing manifest file '../../build/rafeeq_description/rafeeq_description.egg-info/SOURCES.txt'
[2.425s] running build
[2.426s] running build_py
[2.426s] running install
[2.433s] running install_lib
[2.457s] running install_data
[2.457s] copying urdf/robot_description.urdf -> /home/nour-mahgoub/Graduation_Rafeeq/install/rafeeq_description/share/rafeeq_description/urdf
[2.457s] running install_egg_info
[2.481s] removing '/home/nour-mahgoub/Graduation_Rafeeq/install/rafeeq_description/lib/python3.12/site-packages/rafeeq_description-0.0.0-py3.12.egg-info' (and everything under it)
[2.482s] Copying ../../build/rafeeq_description/rafeeq_description.egg-info to /home/nour-mahgoub/Graduation_Rafeeq/install/rafeeq_description/lib/python3.12/site-packages/rafeeq_description-0.0.0-py3.12.egg-info
[2.483s] running install_scripts
[2.644s] Installing scan_relay script to /home/nour-mahgoub/Graduation_Rafeeq/install/rafeeq_description/lib/rafeeq_description
[2.644s] Installing teleop_keyboard script to /home/nour-mahgoub/Graduation_Rafeeq/install/rafeeq_description/lib/rafeeq_description
[2.644s] writing list of installed files to '/home/nour-mahgoub/Graduation_Rafeeq/build/rafeeq_description/install.log'
[2.674s] Invoked command in '/home/nour-mahgoub/Graduation_Rafeeq/src/rafeeq_description' returned '0': DEBUGINFOD_URLS=https://debuginfod.ubuntu.com PYTHONPATH=/home/nour-mahgoub/Graduation_Rafeeq/build/rafeeq_description/prefix_override:/usr/lib/python3/dist-packages/colcon_core/task/python/colcon_distutils_commands:/home/nour-mahgoub/Graduation_Rafeeq/install/rafeeq_description/lib/python3.12/site-packages:${PYTHONPATH} /usr/bin/python3 -W ignore:setup.py install is deprecated -W ignore:easy_install command is deprecated setup.py egg_info --egg-base ../../build/rafeeq_description build --build-base /home/nour-mahgoub/Graduation_Rafeeq/build/rafeeq_description/build install --record /home/nour-mahgoub/Graduation_Rafeeq/build/rafeeq_description/install.log --single-version-externally-managed install_data
