[0.662s] Invoking command in '/home/nour-mahgoub/Graduation_Rafeeq/src/rafeeq_description': DEBUGINFOD_URLS=https://debuginfod.ubuntu.com PYTHONPATH=/home/nour-mahgoub/Graduation_Rafeeq/build/rafeeq_description/prefix_override:/usr/lib/python3/dist-packages/colcon_core/task/python/colcon_distutils_commands:/home/nour-mahgoub/Graduation_Rafeeq/install/rafeeq_description/lib/python3.12/site-packages:${PYTHONPATH} /usr/bin/python3 -W ignore:setup.py install is deprecated -W ignore:easy_install command is deprecated setup.py egg_info --egg-base ../../build/rafeeq_description build --build-base /home/nour-mahgoub/Graduation_Rafeeq/build/rafeeq_description/build install --record /home/nour-mahgoub/Graduation_Rafeeq/build/rafeeq_description/install.log --single-version-externally-managed install_data
[0.938s] running egg_info
[0.960s] writing ../../build/rafeeq_description/rafeeq_description.egg-info/PKG-INFO
[0.960s] writing dependency_links to ../../build/rafeeq_description/rafeeq_description.egg-info/dependency_links.txt
[0.960s] writing entry points to ../../build/rafeeq_description/rafeeq_description.egg-info/entry_points.txt
[0.960s] writing requirements to ../../build/rafeeq_description/rafeeq_description.egg-info/requires.txt
[0.961s] writing top-level names to ../../build/rafeeq_description/rafeeq_description.egg-info/top_level.txt
[1.004s] reading manifest file '../../build/rafeeq_description/rafeeq_description.egg-info/SOURCES.txt'
[1.005s] writing manifest file '../../build/rafeeq_description/rafeeq_description.egg-info/SOURCES.txt'
[1.005s] running build
[1.005s] running build_py
[1.005s] running install
[1.011s] running install_lib
[1.034s] running install_data
[1.034s] copying launch/gazebo.launch.py -> /home/nour-mahgoub/Graduation_Rafeeq/install/rafeeq_description/share/rafeeq_description/launch
[1.035s] copying urdf/robot_description.urdf -> /home/nour-mahgoub/Graduation_Rafeeq/install/rafeeq_description/share/rafeeq_description/urdf
[1.035s] copying world/world.sdf -> /home/nour-mahgoub/Graduation_Rafeeq/install/rafeeq_description/share/rafeeq_description/world
[1.036s] running install_egg_info
[1.059s] removing '/home/nour-mahgoub/Graduation_Rafeeq/install/rafeeq_description/lib/python3.12/site-packages/rafeeq_description-0.0.0-py3.12.egg-info' (and everything under it)
[1.059s] Copying ../../build/rafeeq_description/rafeeq_description.egg-info to /home/nour-mahgoub/Graduation_Rafeeq/install/rafeeq_description/lib/python3.12/site-packages/rafeeq_description-0.0.0-py3.12.egg-info
[1.060s] running install_scripts
[1.205s] Installing scan_relay script to /home/nour-mahgoub/Graduation_Rafeeq/install/rafeeq_description/lib/rafeeq_description
[1.206s] Installing teleop_keyboard script to /home/nour-mahgoub/Graduation_Rafeeq/install/rafeeq_description/lib/rafeeq_description
[1.206s] writing list of installed files to '/home/nour-mahgoub/Graduation_Rafeeq/build/rafeeq_description/install.log'
[1.232s] Invoked command in '/home/nour-mahgoub/Graduation_Rafeeq/src/rafeeq_description' returned '0': DEBUGINFOD_URLS=https://debuginfod.ubuntu.com PYTHONPATH=/home/nour-mahgoub/Graduation_Rafeeq/build/rafeeq_description/prefix_override:/usr/lib/python3/dist-packages/colcon_core/task/python/colcon_distutils_commands:/home/nour-mahgoub/Graduation_Rafeeq/install/rafeeq_description/lib/python3.12/site-packages:${PYTHONPATH} /usr/bin/python3 -W ignore:setup.py install is deprecated -W ignore:easy_install command is deprecated setup.py egg_info --egg-base ../../build/rafeeq_description build --build-base /home/nour-mahgoub/Graduation_Rafeeq/build/rafeeq_description/build install --record /home/nour-mahgoub/Graduation_Rafeeq/build/rafeeq_description/install.log --single-version-externally-managed install_data
