running egg_info
writing ../../build/rafeeq_description/rafeeq_description.egg-info/PKG-INFO
writing dependency_links to ../../build/rafeeq_description/rafeeq_description.egg-info/dependency_links.txt
writing entry points to ../../build/rafeeq_description/rafeeq_description.egg-info/entry_points.txt
writing requirements to ../../build/rafeeq_description/rafeeq_description.egg-info/requires.txt
writing top-level names to ../../build/rafeeq_description/rafeeq_description.egg-info/top_level.txt
reading manifest file '../../build/rafeeq_description/rafeeq_description.egg-info/SOURCES.txt'
writing manifest file '../../build/rafeeq_description/rafeeq_description.egg-info/SOURCES.txt'
running build
running build_py
running install
running install_lib
running install_data
copying resource/rafeeq_description -> /home/nour-mahgoub/Graduation_Rafeeq/install/rafeeq_description/share/ament_index/resource_index/packages
copying package.xml -> /home/nour-mahgoub/Graduation_Rafeeq/install/rafeeq_description/share/rafeeq_description
creating /home/nour-mahgoub/Graduation_Rafeeq/install/rafeeq_description/share/rafeeq_description/launch
copying launch/view_robot.launch -> /home/nour-mahgoub/Graduation_Rafeeq/install/rafeeq_description/share/rafeeq_description/launch
copying launch/gazebo.launch.py -> /home/nour-mahgoub/Graduation_Rafeeq/install/rafeeq_description/share/rafeeq_description/launch
creating /home/nour-mahgoub/Graduation_Rafeeq/install/rafeeq_description/share/rafeeq_description/urdf
copying urdf/robot_description.urdf -> /home/nour-mahgoub/Graduation_Rafeeq/install/rafeeq_description/share/rafeeq_description/urdf
creating /home/nour-mahgoub/Graduation_Rafeeq/install/rafeeq_description/share/rafeeq_description/rviz
copying rviz/default_view.rviz -> /home/nour-mahgoub/Graduation_Rafeeq/install/rafeeq_description/share/rafeeq_description/rviz
creating /home/nour-mahgoub/Graduation_Rafeeq/install/rafeeq_description/share/rafeeq_description/meshes
copying meshes/LeftMotor.STL -> /home/nour-mahgoub/Graduation_Rafeeq/install/rafeeq_description/share/rafeeq_description/meshes
copying meshes/base_link.STL -> /home/nour-mahgoub/Graduation_Rafeeq/install/rafeeq_description/share/rafeeq_description/meshes
copying meshes/Lidar_Link.STL -> /home/nour-mahgoub/Graduation_Rafeeq/install/rafeeq_description/share/rafeeq_description/meshes
copying meshes/LeftWingWheel.STL -> /home/nour-mahgoub/Graduation_Rafeeq/install/rafeeq_description/share/rafeeq_description/meshes
copying meshes/Camera_Link.STL -> /home/nour-mahgoub/Graduation_Rafeeq/install/rafeeq_description/share/rafeeq_description/meshes
copying meshes/RightMotor.STL -> /home/nour-mahgoub/Graduation_Rafeeq/install/rafeeq_description/share/rafeeq_description/meshes
copying meshes/BackRightWheel.STL -> /home/nour-mahgoub/Graduation_Rafeeq/install/rafeeq_description/share/rafeeq_description/meshes
copying meshes/RightWingWheel.STL -> /home/nour-mahgoub/Graduation_Rafeeq/install/rafeeq_description/share/rafeeq_description/meshes
copying meshes/BackLeftWheel.STL -> /home/nour-mahgoub/Graduation_Rafeeq/install/rafeeq_description/share/rafeeq_description/meshes
running install_egg_info
Copying ../../build/rafeeq_description/rafeeq_description.egg-info to /home/nour-mahgoub/Graduation_Rafeeq/install/rafeeq_description/lib/python3.10/site-packages/rafeeq_description-0.0.0-py3.10.egg-info
running install_scripts
writing list of installed files to '/home/nour-mahgoub/Graduation_Rafeeq/build/rafeeq_description/install.log'
