[0.598s] Invoking command in '/home/nour-mahgoub/testingGrad/src/view_robot_pkg': PYTHONPATH=/home/nour-mahgoub/testingGrad/build/view_robot_pkg/prefix_override:/usr/lib/python3/dist-packages/colcon_core/task/python/colcon_distutils_commands:/home/nour-mahgoub/testingGrad/install/view_robot_pkg/lib/python3.10/site-packages:${PYTHONPATH} /usr/bin/python3 -W ignore:setup.py install is deprecated -W ignore:easy_install command is deprecated setup.py egg_info --egg-base ../../build/view_robot_pkg build --build-base /home/nour-mahgoub/testingGrad/build/view_robot_pkg/build install --record /home/nour-mahgoub/testingGrad/build/view_robot_pkg/install.log --single-version-externally-managed install_data
[0.830s] running egg_info
[0.830s] writing ../../build/view_robot_pkg/view_robot_pkg.egg-info/PKG-INFO
[0.830s] writing dependency_links to ../../build/view_robot_pkg/view_robot_pkg.egg-info/dependency_links.txt
[0.831s] writing entry points to ../../build/view_robot_pkg/view_robot_pkg.egg-info/entry_points.txt
[0.831s] writing requirements to ../../build/view_robot_pkg/view_robot_pkg.egg-info/requires.txt
[0.831s] writing top-level names to ../../build/view_robot_pkg/view_robot_pkg.egg-info/top_level.txt
[0.832s] reading manifest file '../../build/view_robot_pkg/view_robot_pkg.egg-info/SOURCES.txt'
[0.833s] writing manifest file '../../build/view_robot_pkg/view_robot_pkg.egg-info/SOURCES.txt'
[0.833s] running build
[0.833s] running build_py
[0.833s] running install
[0.834s] running install_lib
[0.835s] running install_data
[0.835s] running install_egg_info
[0.837s] removing '/home/nour-mahgoub/testingGrad/install/view_robot_pkg/lib/python3.10/site-packages/view_robot_pkg-0.0.0-py3.10.egg-info' (and everything under it)
[0.837s] Copying ../../build/view_robot_pkg/view_robot_pkg.egg-info to /home/nour-mahgoub/testingGrad/install/view_robot_pkg/lib/python3.10/site-packages/view_robot_pkg-0.0.0-py3.10.egg-info
[0.838s] running install_scripts
[0.856s] writing list of installed files to '/home/nour-mahgoub/testingGrad/build/view_robot_pkg/install.log'
[0.877s] Invoked command in '/home/nour-mahgoub/testingGrad/src/view_robot_pkg' returned '0': PYTHONPATH=/home/nour-mahgoub/testingGrad/build/view_robot_pkg/prefix_override:/usr/lib/python3/dist-packages/colcon_core/task/python/colcon_distutils_commands:/home/nour-mahgoub/testingGrad/install/view_robot_pkg/lib/python3.10/site-packages:${PYTHONPATH} /usr/bin/python3 -W ignore:setup.py install is deprecated -W ignore:easy_install command is deprecated setup.py egg_info --egg-base ../../build/view_robot_pkg build --build-base /home/nour-mahgoub/testingGrad/build/view_robot_pkg/build install --record /home/nour-mahgoub/testingGrad/build/view_robot_pkg/install.log --single-version-externally-managed install_data
