[0.789s] Invoking command in '/home/nour-mahgoub/Graduation_Rafeeq/src/rafeeq_description': PYTHONPATH=/home/nour-mahgoub/Graduation_Rafeeq/build/rafeeq_description/prefix_override:/usr/lib/python3/dist-packages/colcon_core/task/python/colcon_distutils_commands:/home/nour-mahgoub/Graduation_Rafeeq/install/rafeeq_description/lib/python3.10/site-packages:${PYTHONPATH} /usr/bin/python3 -W ignore:setup.py install is deprecated -W ignore:easy_install command is deprecated setup.py egg_info --egg-base ../../build/rafeeq_description build --build-base /home/nour-mahgoub/Graduation_Rafeeq/build/rafeeq_description/build install --record /home/nour-mahgoub/Graduation_Rafeeq/build/rafeeq_description/install.log --single-version-externally-managed install_data
[1.087s] running egg_info
[1.088s] writing ../../build/rafeeq_description/rafeeq_description.egg-info/PKG-INFO
[1.088s] writing dependency_links to ../../build/rafeeq_description/rafeeq_description.egg-info/dependency_links.txt
[1.089s] writing entry points to ../../build/rafeeq_description/rafeeq_description.egg-info/entry_points.txt
[1.089s] writing requirements to ../../build/rafeeq_description/rafeeq_description.egg-info/requires.txt
[1.089s] writing top-level names to ../../build/rafeeq_description/rafeeq_description.egg-info/top_level.txt
[1.091s] reading manifest file '../../build/rafeeq_description/rafeeq_description.egg-info/SOURCES.txt'
[1.092s] writing manifest file '../../build/rafeeq_description/rafeeq_description.egg-info/SOURCES.txt'
[1.092s] running build
[1.092s] running build_py
[1.092s] running install
[1.093s] running install_lib
[1.094s] running install_data
[1.094s] copying launch/gazebo.launch.py -> /home/nour-mahgoub/Graduation_Rafeeq/install/rafeeq_description/share/rafeeq_description/launch
[1.095s] running install_egg_info
[1.097s] removing '/home/nour-mahgoub/Graduation_Rafeeq/install/rafeeq_description/lib/python3.10/site-packages/rafeeq_description-0.0.0-py3.10.egg-info' (and everything under it)
[1.097s] Copying ../../build/rafeeq_description/rafeeq_description.egg-info to /home/nour-mahgoub/Graduation_Rafeeq/install/rafeeq_description/lib/python3.10/site-packages/rafeeq_description-0.0.0-py3.10.egg-info
[1.099s] running install_scripts
[1.122s] writing list of installed files to '/home/nour-mahgoub/Graduation_Rafeeq/build/rafeeq_description/install.log'
[1.145s] Invoked command in '/home/nour-mahgoub/Graduation_Rafeeq/src/rafeeq_description' returned '0': PYTHONPATH=/home/nour-mahgoub/Graduation_Rafeeq/build/rafeeq_description/prefix_override:/usr/lib/python3/dist-packages/colcon_core/task/python/colcon_distutils_commands:/home/nour-mahgoub/Graduation_Rafeeq/install/rafeeq_description/lib/python3.10/site-packages:${PYTHONPATH} /usr/bin/python3 -W ignore:setup.py install is deprecated -W ignore:easy_install command is deprecated setup.py egg_info --egg-base ../../build/rafeeq_description build --build-base /home/nour-mahgoub/Graduation_Rafeeq/build/rafeeq_description/build install --record /home/nour-mahgoub/Graduation_Rafeeq/build/rafeeq_description/install.log --single-version-externally-managed install_data
