/home/nour-mahgoub/testingGrad/install/view_robot_pkg/lib/python3.10/site-packages/view_robot_pkg/__init__.py
/home/nour-mahgoub/testingGrad/install/view_robot_pkg/lib/python3.10/site-packages/view_robot_pkg/__pycache__/__init__.cpython-310.pyc
/home/nour-mahgoub/testingGrad/install/view_robot_pkg/share/ament_index/resource_index/packages/view_robot_pkg
/home/nour-mahgoub/testingGrad/install/view_robot_pkg/share/view_robot_pkg/package.xml
/home/nour-mahgoub/testingGrad/install/view_robot_pkg/share/view_robot_pkg/launch/view_robot.launch
/home/nour-mahgoub/testingGrad/install/view_robot_pkg/share/view_robot_pkg/launch/gazebo.launch.py
/home/nour-mahgoub/testingGrad/install/view_robot_pkg/share/view_robot_pkg/urdf/robot_description.urdf
/home/nour-mahgoub/testingGrad/install/view_robot_pkg/share/view_robot_pkg/rviz/default_view.rviz
/home/nour-mahgoub/testingGrad/install/view_robot_pkg/share/view_robot_pkg/meshes/LeftMotor.STL
/home/nour-mahgoub/testingGrad/install/view_robot_pkg/share/view_robot_pkg/meshes/base_link.STL
/home/nour-mahgoub/testingGrad/install/view_robot_pkg/share/view_robot_pkg/meshes/Lidar_Link.STL
/home/nour-mahgoub/testingGrad/install/view_robot_pkg/share/view_robot_pkg/meshes/LeftWingWheel.STL
/home/nour-mahgoub/testingGrad/install/view_robot_pkg/share/view_robot_pkg/meshes/Camera_Link.STL
/home/nour-mahgoub/testingGrad/install/view_robot_pkg/share/view_robot_pkg/meshes/RightMotor.STL
/home/nour-mahgoub/testingGrad/install/view_robot_pkg/share/view_robot_pkg/meshes/BackRightWheel.STL
/home/nour-mahgoub/testingGrad/install/view_robot_pkg/share/view_robot_pkg/meshes/RightWingWheel.STL
/home/nour-mahgoub/testingGrad/install/view_robot_pkg/share/view_robot_pkg/meshes/BackLeftWheel.STL
/home/nour-mahgoub/testingGrad/install/view_robot_pkg/lib/python3.10/site-packages/view_robot_pkg-0.0.0-py3.10.egg-info/PKG-INFO
/home/nour-mahgoub/testingGrad/install/view_robot_pkg/lib/python3.10/site-packages/view_robot_pkg-0.0.0-py3.10.egg-info/requires.txt
/home/nour-mahgoub/testingGrad/install/view_robot_pkg/lib/python3.10/site-packages/view_robot_pkg-0.0.0-py3.10.egg-info/entry_points.txt
/home/nour-mahgoub/testingGrad/install/view_robot_pkg/lib/python3.10/site-packages/view_robot_pkg-0.0.0-py3.10.egg-info/SOURCES.txt
/home/nour-mahgoub/testingGrad/install/view_robot_pkg/lib/python3.10/site-packages/view_robot_pkg-0.0.0-py3.10.egg-info/zip-safe
/home/nour-mahgoub/testingGrad/install/view_robot_pkg/lib/python3.10/site-packages/view_robot_pkg-0.0.0-py3.10.egg-info/dependency_links.txt
/home/nour-mahgoub/testingGrad/install/view_robot_pkg/lib/python3.10/site-packages/view_robot_pkg-0.0.0-py3.10.egg-info/top_level.txt
