running egg_info
creating ../../build/rafeeq_description/rafeeq_description.egg-info
writing ../../build/rafeeq_description/rafeeq_description.egg-info/PKG-INFO
writing dependency_links to ../../build/rafeeq_description/rafeeq_description.egg-info/dependency_links.txt
writing entry points to ../../build/rafeeq_description/rafeeq_description.egg-info/entry_points.txt
writing requirements to ../../build/rafeeq_description/rafeeq_description.egg-info/requires.txt
writing top-level names to ../../build/rafeeq_description/rafeeq_description.egg-info/top_level.txt
writing manifest file '../../build/rafeeq_description/rafeeq_description.egg-info/SOURCES.txt'
reading manifest file '../../build/rafeeq_description/rafeeq_description.egg-info/SOURCES.txt'
writing manifest file '../../build/rafeeq_description/rafeeq_description.egg-info/SOURCES.txt'
running build
running build_py
creating /home/nour-mahgoub/Graduation_Rafeeq/build/rafeeq_description/build
creating /home/nour-mahgoub/Graduation_Rafeeq/build/rafeeq_description/build/lib
creating /home/nour-mahgoub/Graduation_Rafeeq/build/rafeeq_description/build/lib/rafeeq_description
copying rafeeq_description/__init__.py -> /home/nour-mahgoub/Graduation_Rafeeq/build/rafeeq_description/build/lib/rafeeq_description
running install
running install_lib
creating /home/nour-mahgoub/Graduation_Rafeeq/install/rafeeq_description/lib/python3.10/site-packages/rafeeq_description
copying /home/nour-mahgoub/Graduation_Rafeeq/build/rafeeq_description/build/lib/rafeeq_description/__init__.py -> /home/nour-mahgoub/Graduation_Rafeeq/install/rafeeq_description/lib/python3.10/site-packages/rafeeq_description
byte-compiling /home/nour-mahgoub/Graduation_Rafeeq/install/rafeeq_description/lib/python3.10/site-packages/rafeeq_description/__init__.py to __init__.cpython-310.pyc
running install_data
creating /home/nour-mahgoub/Graduation_Rafeeq/install/rafeeq_description/share/ament_index
creating /home/nour-mahgoub/Graduation_Rafeeq/install/rafeeq_description/share/ament_index/resource_index
creating /home/nour-mahgoub/Graduation_Rafeeq/install/rafeeq_description/share/ament_index/resource_index/packages
