[0.676s] Invoking command in '/home/nour-mahgoub/Graduation_Rafeeq/src/rafeeq_description': PYTHONPATH=/home/nour-mahgoub/Graduation_Rafeeq/build/rafeeq_description/prefix_override:/usr/lib/python3/dist-packages/colcon_core/task/python/colcon_distutils_commands:/home/nour-mahgoub/Graduation_Rafeeq/install/rafeeq_description/lib/python3.10/site-packages:${PYTHONPATH} /usr/bin/python3 -W ignore:setup.py install is deprecated -W ignore:easy_install command is deprecated setup.py egg_info --egg-base ../../build/rafeeq_description build --build-base /home/nour-mahgoub/Graduation_Rafeeq/build/rafeeq_description/build install --record /home/nour-mahgoub/Graduation_Rafeeq/build/rafeeq_description/install.log --single-version-externally-managed install_data
[0.906s] running egg_info
[0.907s] creating ../../build/rafeeq_description/rafeeq_description.egg-info
[0.907s] writing ../../build/rafeeq_description/rafeeq_description.egg-info/PKG-INFO
[0.907s] writing dependency_links to ../../build/rafeeq_description/rafeeq_description.egg-info/dependency_links.txt
[0.907s] writing entry points to ../../build/rafeeq_description/rafeeq_description.egg-info/entry_points.txt
[0.908s] writing requirements to ../../build/rafeeq_description/rafeeq_description.egg-info/requires.txt
[0.908s] writing top-level names to ../../build/rafeeq_description/rafeeq_description.egg-info/top_level.txt
[0.908s] writing manifest file '../../build/rafeeq_description/rafeeq_description.egg-info/SOURCES.txt'
[0.909s] reading manifest file '../../build/rafeeq_description/rafeeq_description.egg-info/SOURCES.txt'
[0.910s] writing manifest file '../../build/rafeeq_description/rafeeq_description.egg-info/SOURCES.txt'
[0.910s] running build
[0.910s] running build_py
[0.910s] creating /home/nour-mahgoub/Graduation_Rafeeq/build/rafeeq_description/build
[0.910s] creating /home/nour-mahgoub/Graduation_Rafeeq/build/rafeeq_description/build/lib
[0.910s] creating /home/nour-mahgoub/Graduation_Rafeeq/build/rafeeq_description/build/lib/rafeeq_description
[0.910s] copying rafeeq_description/__init__.py -> /home/nour-mahgoub/Graduation_Rafeeq/build/rafeeq_description/build/lib/rafeeq_description
[0.910s] running install
[0.910s] running install_lib
[0.911s] creating /home/nour-mahgoub/Graduation_Rafeeq/install/rafeeq_description/lib/python3.10/site-packages/rafeeq_description
[0.911s] copying /home/nour-mahgoub/Graduation_Rafeeq/build/rafeeq_description/build/lib/rafeeq_description/__init__.py -> /home/nour-mahgoub/Graduation_Rafeeq/install/rafeeq_description/lib/python3.10/site-packages/rafeeq_description
[0.911s] byte-compiling /home/nour-mahgoub/Graduation_Rafeeq/install/rafeeq_description/lib/python3.10/site-packages/rafeeq_description/__init__.py to __init__.cpython-310.pyc
[0.912s] running install_data
[0.912s] creating /home/nour-mahgoub/Graduation_Rafeeq/install/rafeeq_description/share/ament_index
[0.912s] creating /home/nour-mahgoub/Graduation_Rafeeq/install/rafeeq_description/share/ament_index/resource_index
[0.912s] creating /home/nour-mahgoub/Graduation_Rafeeq/install/rafeeq_description/share/ament_index/resource_index/packages
[0.912s] error: can't copy 'resource/rafeeq_description': doesn't exist or not a regular file
[0.930s] Invoked command in '/home/nour-mahgoub/Graduation_Rafeeq/src/rafeeq_description' returned '1': PYTHONPATH=/home/nour-mahgoub/Graduation_Rafeeq/build/rafeeq_description/prefix_override:/usr/lib/python3/dist-packages/colcon_core/task/python/colcon_distutils_commands:/home/nour-mahgoub/Graduation_Rafeeq/install/rafeeq_description/lib/python3.10/site-packages:${PYTHONPATH} /usr/bin/python3 -W ignore:setup.py install is deprecated -W ignore:easy_install command is deprecated setup.py egg_info --egg-base ../../build/rafeeq_description build --build-base /home/nour-mahgoub/Graduation_Rafeeq/build/rafeeq_description/build install --record /home/nour-mahgoub/Graduation_Rafeeq/build/rafeeq_description/install.log --single-version-externally-managed install_data
