[0.785s] Invoking command in '/home/nour-mahgoub/testingGrad/src/view_robot_pkg': PYTHONPATH=/home/nour-mahgoub/testingGrad/build/view_robot_pkg/prefix_override:/usr/lib/python3/dist-packages/colcon_core/task/python/colcon_distutils_commands:/home/nour-mahgoub/testingGrad/install/view_robot_pkg/lib/python3.10/site-packages:${PYTHONPATH} /usr/bin/python3 -W ignore:setup.py install is deprecated -W ignore:easy_install command is deprecated setup.py egg_info --egg-base ../../build/view_robot_pkg build --build-base /home/nour-mahgoub/testingGrad/build/view_robot_pkg/build install --record /home/nour-mahgoub/testingGrad/build/view_robot_pkg/install.log --single-version-externally-managed install_data
[1.032s] running egg_info
[1.033s] writing ../../build/view_robot_pkg/view_robot_pkg.egg-info/PKG-INFO
[1.033s] writing dependency_links to ../../build/view_robot_pkg/view_robot_pkg.egg-info/dependency_links.txt
[1.033s] writing entry points to ../../build/view_robot_pkg/view_robot_pkg.egg-info/entry_points.txt
[1.033s] writing requirements to ../../build/view_robot_pkg/view_robot_pkg.egg-info/requires.txt
[1.034s] writing top-level names to ../../build/view_robot_pkg/view_robot_pkg.egg-info/top_level.txt
[1.035s] reading manifest file '../../build/view_robot_pkg/view_robot_pkg.egg-info/SOURCES.txt'
[1.036s] writing manifest file '../../build/view_robot_pkg/view_robot_pkg.egg-info/SOURCES.txt'
[1.036s] running build
[1.036s] running build_py
[1.036s] running install
[1.037s] running install_lib
[1.038s] running install_data
[1.038s] running install_egg_info
[1.039s] removing '/home/nour-mahgoub/testingGrad/install/view_robot_pkg/lib/python3.10/site-packages/view_robot_pkg-0.0.0-py3.10.egg-info' (and everything under it)
[1.040s] Copying ../../build/view_robot_pkg/view_robot_pkg.egg-info to /home/nour-mahgoub/testingGrad/install/view_robot_pkg/lib/python3.10/site-packages/view_robot_pkg-0.0.0-py3.10.egg-info
[1.040s] running install_scripts
[1.058s] writing list of installed files to '/home/nour-mahgoub/testingGrad/build/view_robot_pkg/install.log'
[1.079s] Invoked command in '/home/nour-mahgoub/testingGrad/src/view_robot_pkg' returned '0': PYTHONPATH=/home/nour-mahgoub/testingGrad/build/view_robot_pkg/prefix_override:/usr/lib/python3/dist-packages/colcon_core/task/python/colcon_distutils_commands:/home/nour-mahgoub/testingGrad/install/view_robot_pkg/lib/python3.10/site-packages:${PYTHONPATH} /usr/bin/python3 -W ignore:setup.py install is deprecated -W ignore:easy_install command is deprecated setup.py egg_info --egg-base ../../build/view_robot_pkg build --build-base /home/nour-mahgoub/testingGrad/build/view_robot_pkg/build install --record /home/nour-mahgoub/testingGrad/build/view_robot_pkg/install.log --single-version-externally-managed install_data
