[1.727s] Invoking command in '/home/nour-mahgoub/Graduation_Rafeeq/src/rafeeq_description': DEBUGINFOD_URLS=https://debuginfod.ubuntu.com PYTHONPATH=/home/nour-mahgoub/Graduation_Rafeeq/build/rafeeq_description/prefix_override:/usr/lib/python3/dist-packages/colcon_core/task/python/colcon_distutils_commands:/home/nour-mahgoub/Graduation_Rafeeq/install/rafeeq_description/lib/python3.12/site-packages:${PYTHONPATH} /usr/bin/python3 -W ignore:setup.py install is deprecated -W ignore:easy_install command is deprecated setup.py egg_info --egg-base ../../build/rafeeq_description build --build-base /home/nour-mahgoub/Graduation_Rafeeq/build/rafeeq_description/build install --record /home/nour-mahgoub/Graduation_Rafeeq/build/rafeeq_description/install.log --single-version-externally-managed install_data
[2.289s] running egg_info
[2.333s] writing ../../build/rafeeq_description/rafeeq_description.egg-info/PKG-INFO
[2.334s] writing dependency_links to ../../build/rafeeq_description/rafeeq_description.egg-info/dependency_links.txt
[2.334s] writing entry points to ../../build/rafeeq_description/rafeeq_description.egg-info/entry_points.txt
[2.335s] writing requirements to ../../build/rafeeq_description/rafeeq_description.egg-info/requires.txt
[2.335s] writing top-level names to ../../build/rafeeq_description/rafeeq_description.egg-info/top_level.txt
[2.420s] reading manifest file '../../build/rafeeq_description/rafeeq_description.egg-info/SOURCES.txt'
[2.423s] writing manifest file '../../build/rafeeq_description/rafeeq_description.egg-info/SOURCES.txt'
[2.423s] running build
[2.423s] running build_py
[2.424s] running install
[2.435s] running install_lib
[2.479s] running install_data
[2.479s] copying launch/gazebo.launch.py -> /home/nour-mahgoub/Graduation_Rafeeq/install/rafeeq_description/share/rafeeq_description/launch
[2.480s] copying urdf/robot_description.urdf -> /home/nour-mahgoub/Graduation_Rafeeq/install/rafeeq_description/share/rafeeq_description/urdf
[2.480s] running install_egg_info
[2.527s] removing '/home/nour-mahgoub/Graduation_Rafeeq/install/rafeeq_description/lib/python3.12/site-packages/rafeeq_description-0.0.0-py3.12.egg-info' (and everything under it)
[2.528s] Copying ../../build/rafeeq_description/rafeeq_description.egg-info to /home/nour-mahgoub/Graduation_Rafeeq/install/rafeeq_description/lib/python3.12/site-packages/rafeeq_description-0.0.0-py3.12.egg-info
[2.530s] running install_scripts
[2.821s] Installing scan_relay script to /home/nour-mahgoub/Graduation_Rafeeq/install/rafeeq_description/lib/rafeeq_description
[2.822s] Installing teleop_keyboard script to /home/nour-mahgoub/Graduation_Rafeeq/install/rafeeq_description/lib/rafeeq_description
[2.822s] writing list of installed files to '/home/nour-mahgoub/Graduation_Rafeeq/build/rafeeq_description/install.log'
[2.871s] Invoked command in '/home/nour-mahgoub/Graduation_Rafeeq/src/rafeeq_description' returned '0': DEBUGINFOD_URLS=https://debuginfod.ubuntu.com PYTHONPATH=/home/nour-mahgoub/Graduation_Rafeeq/build/rafeeq_description/prefix_override:/usr/lib/python3/dist-packages/colcon_core/task/python/colcon_distutils_commands:/home/nour-mahgoub/Graduation_Rafeeq/install/rafeeq_description/lib/python3.12/site-packages:${PYTHONPATH} /usr/bin/python3 -W ignore:setup.py install is deprecated -W ignore:easy_install command is deprecated setup.py egg_info --egg-base ../../build/rafeeq_description build --build-base /home/nour-mahgoub/Graduation_Rafeeq/build/rafeeq_description/build install --record /home/nour-mahgoub/Graduation_Rafeeq/build/rafeeq_description/install.log --single-version-externally-managed install_data
