running egg_info
creating ../../build/serial_node/serial_node.egg-info
writing ../../build/serial_node/serial_node.egg-info/PKG-INFO
writing dependency_links to ../../build/serial_node/serial_node.egg-info/dependency_links.txt
writing entry points to ../../build/serial_node/serial_node.egg-info/entry_points.txt
writing requirements to ../../build/serial_node/serial_node.egg-info/requires.txt
writing top-level names to ../../build/serial_node/serial_node.egg-info/top_level.txt
writing manifest file '../../build/serial_node/serial_node.egg-info/SOURCES.txt'
reading manifest file '../../build/serial_node/serial_node.egg-info/SOURCES.txt'
writing manifest file '../../build/serial_node/serial_node.egg-info/SOURCES.txt'
running build
running build_py
creating /home/nour-mahgoub/Graduation_Rafeeq/build/serial_node/build
creating /home/nour-mahgoub/Graduation_Rafeeq/build/serial_node/build/lib
creating /home/nour-mahgoub/Graduation_Rafeeq/build/serial_node/build/lib/serial_node
copying serial_node/__init__.py -> /home/nour-mahgoub/Graduation_Rafeeq/build/serial_node/build/lib/serial_node
copying serial_node/serial_bridge.py -> /home/nour-mahgoub/Graduation_Rafeeq/build/serial_node/build/lib/serial_node
running install
running install_lib
creating /home/nour-mahgoub/Graduation_Rafeeq/install/serial_node/lib/python3.12/site-packages/serial_node
copying /home/nour-mahgoub/Graduation_Rafeeq/build/serial_node/build/lib/serial_node/__init__.py -> /home/nour-mahgoub/Graduation_Rafeeq/install/serial_node/lib/python3.12/site-packages/serial_node
copying /home/nour-mahgoub/Graduation_Rafeeq/build/serial_node/build/lib/serial_node/serial_bridge.py -> /home/nour-mahgoub/Graduation_Rafeeq/install/serial_node/lib/python3.12/site-packages/serial_node
byte-compiling /home/nour-mahgoub/Graduation_Rafeeq/install/serial_node/lib/python3.12/site-packages/serial_node/__init__.py to __init__.cpython-312.pyc
byte-compiling /home/nour-mahgoub/Graduation_Rafeeq/install/serial_node/lib/python3.12/site-packages/serial_node/serial_bridge.py to serial_bridge.cpython-312.pyc
running install_data
creating /home/nour-mahgoub/Graduation_Rafeeq/install/serial_node/share/ament_index
creating /home/nour-mahgoub/Graduation_Rafeeq/install/serial_node/share/ament_index/resource_index
creating /home/nour-mahgoub/Graduation_Rafeeq/install/serial_node/share/ament_index/resource_index/packages
copying resource/serial_node -> /home/nour-mahgoub/Graduation_Rafeeq/install/serial_node/share/ament_index/resource_index/packages
copying package.xml -> /home/nour-mahgoub/Graduation_Rafeeq/install/serial_node/share/serial_node
running install_egg_info
Copying ../../build/serial_node/serial_node.egg-info to /home/nour-mahgoub/Graduation_Rafeeq/install/serial_node/lib/python3.12/site-packages/serial_node-0.0.0-py3.12.egg-info
running install_scripts
Installing serial_bridge script to /home/nour-mahgoub/Graduation_Rafeeq/install/serial_node/lib/serial_node
writing list of installed files to '/home/nour-mahgoub/Graduation_Rafeeq/build/serial_node/install.log'
